[2023-11-03 21:06:25,328] multiqc                                            [DEBUG  ]  This is MultiQC v1.16
[2023-11-03 21:06:25,328] multiqc                                            [DEBUG  ]  Command used: /usr/local/bin/multiqc -d .
[2023-11-03 21:06:25,924] multiqc                                            [WARNING]  MultiQC Version v1.17 now available!
[2023-11-03 21:06:25,924] multiqc                                            [DEBUG  ]  Working dir : /home/ibg-4/multiqc_kallisto
[2023-11-03 21:06:25,925] multiqc                                            [DEBUG  ]  Template    : default
[2023-11-03 21:06:25,925] multiqc                                            [DEBUG  ]  Running Python 3.8.10 (default, May 26 2023, 14:05:08)  [GCC 9.4.0]
[2023-11-03 21:06:25,925] multiqc                                            [INFO   ]  Prepending directory to sample names
[2023-11-03 21:06:25,926] multiqc                                            [DEBUG  ]  Analysing modules: custom_content, ccs, ngsderive, purple, conpair, lima, peddy, somalier, methylQA, mosdepth, phantompeakqualtools, qualimap, preseq, hifiasm, quast, qorts, rna_seqc, rockhopper, rsem, rseqc, busco, bustools, goleft_indexcov, gffcompare, disambiguate, supernova, deeptools, sargasso, verifybamid, mirtrace, happy, mirtop, sambamba, gopeaks, homer, hops, macs2, theta2, snpeff, gatk, htseq, bcftools, featureCounts, fgbio, dragen, dragen_fastqc, dedup, pbmarkdup, damageprofiler, mapdamage, biobambam2, jcvi, mtnucratio, picard, vep, sentieon, bakta, prokka, qc3C, nanostat, samblaster, samtools, sexdeterrmine, eigenstratdatabasetools, bamtools, jellyfish, vcftools, longranger, stacks, varscan2, snippy, umitools, bbmap, bismark, biscuit, diamond, hicexplorer, hicup, hicpro, salmon, kallisto, slamdunk, star, hisat2, tophat, bowtie2, bowtie1, cellranger, snpsplit, odgi, pangolin, nextclade, freyja, humid, kat, leehom, librarian, adapterRemoval, bbduk, clipandmerge, cutadapt, flexbar, sourmash, kaiju, kraken, malt, motus, trimmomatic, sickle, skewer, sortmerna, biobloomtools, fastq_screen, afterqc, fastp, fastqc, filtlong, prinseqplusplus, pychopper, porechop, pycoqc, minionqc, anglerfish, multivcfanalyzer, clusterflow, checkqc, bcl2fastq, bclconvert, interop, ivar, flash, seqyclean, optitype, whatshap
[2023-11-03 21:06:25,927] multiqc                                            [DEBUG  ]  Using temporary directory for creating report: /tmp/tmpjvibyx6z
[2023-11-03 21:06:25,937] multiqc                                            [INFO   ]  Search path : /home/ibg-4/multiqc_kallisto
[2023-11-03 21:06:26,169] multiqc                                            [DEBUG  ]  Summary of files that were skipped by the search: [skipped_file_contents_search_errors: 602] // [skipped_module_specific_max_filesize: 283] // [skipped_no_match: 52] // [skipped_ignore_pattern: 18] // [skipped_filesize_limit: 1]
[2023-11-03 21:06:26,502] multiqc.plots.bargraph                             [DEBUG  ]  Using matplotlib version 3.7.3
[2023-11-03 21:06:26,503] multiqc.plots.linegraph                            [DEBUG  ]  Using matplotlib version 3.7.3
[2023-11-03 21:06:26,504] multiqc                                            [DEBUG  ]  No samples found: custom_content
[2023-11-03 21:06:26,507] multiqc.modules.kallisto.kallisto                  [INFO   ]  Found 6 reports
[2023-11-03 21:06:26,540] multiqc.modules.fastqc.fastqc                      [DEBUG  ]  Skipping 'SRR7349523_fastqc.zip' as already parsed 'SRR7349523'
[2023-11-03 21:06:26,550] multiqc.modules.fastqc.fastqc                      [DEBUG  ]  Duplicate sample name found! Overwriting: SRR7349521
[2023-11-03 21:06:26,558] multiqc.modules.fastqc.fastqc                      [DEBUG  ]  Skipping 'SRR7349518_fastqc.zip' as already parsed 'SRR7349518'
[2023-11-03 21:06:26,558] multiqc.modules.fastqc.fastqc                      [DEBUG  ]  Skipping 'SRR7349520_fastqc.zip' as already parsed 'SRR7349520'
[2023-11-03 21:06:26,578] multiqc.modules.fastqc.fastqc                      [DEBUG  ]  Skipping 'SRR7349527_fastqc.zip' as already parsed 'SRR7349527'
[2023-11-03 21:06:26,580] multiqc.modules.fastqc.fastqc                      [DEBUG  ]  Duplicate sample name found! Overwriting: SRR7349522
[2023-11-03 21:06:26,588] multiqc.modules.fastqc.fastqc                      [INFO   ]  Found 6 reports
[2023-11-03 21:06:26,622] multiqc.utils.software_versions                    [DEBUG  ]  Reading software versions from config.software_versions
[2023-11-03 21:06:26,631] multiqc                                            [DEBUG  ]  Compressing plot data
[2023-11-03 21:06:26,694] multiqc                                            [INFO   ]  Report      : multiqc_report.html
[2023-11-03 21:06:26,694] multiqc                                            [INFO   ]  Data        : multiqc_data
[2023-11-03 21:06:26,694] multiqc                                            [DEBUG  ]  Moving data file from '/tmp/tmpjvibyx6z/multiqc_data' to '/home/ibg-4/multiqc_kallisto/multiqc_data'
[2023-11-03 21:06:26,696] multiqc                                            [DEBUG  ]  Full report path: /home/ibg-4/multiqc_kallisto/multiqc_report.html
[2023-11-03 21:06:26,772] multiqc                                            [INFO   ]  MultiQC complete
